This is pdfTeX, Version 3.14159265-2.6-1.40.20 (TeX Live 2019/Debian) (preloaded format=latex 2021.2.23)  23 FEB 2021 11:17
entering extended mode
 restricted \write18 enabled.
 %&-line parsing enabled.
**float.ins
(/usr/share/texlive/texmf-dist/tex/latex/tools/x.tex
! Interruption.
<to be read again> 
                   \begingroup 
l.1 
    %%
? x
 
Here is how much of TeX's memory you used:
 8 strings out of 483184
 255 string characters out of 5966318
 231599 words of memory out of 5000000
 15122 multiletter control sequences out of 15000+600000
 532338 words of font info for 24 fonts, out of 8000000 for 9000
 14 hyphenation exceptions out of 8191
 3i,0n,1p,16b,6s stack positions out of 5000i,500n,10000p,200000b,80000s
No pages of output.
